[INFO ] 2023-08-01 18:04:09.483 [main] YouTubeAdFree - Running on operating system: Windows 11
[INFO ] 2023-08-01 18:04:09.486 [main] YouTubeAdFree - Property set, 'webdriver.chrome.driver': C:/all-driver/chromedriver.exe
[ERROR] 2023-08-01 18:04:18.000 [main] YouTubeAdFree - Some exception occurred
[INFO ] 2023-08-01 18:04:18.134 [main] YouTubeAdFree - Driver Quitted due to the exception
[INFO ] 2023-08-01 18:05:54.570 [main] YouTubeAdFree - Running on operating system: Windows 11
[INFO ] 2023-08-01 18:05:54.575 [main] YouTubeAdFree - Property set, 'webdriver.chrome.driver': C:/all-driver/chromedriver.exe
[INFO ] 2023-08-01 18:06:03.328 [main] YouTubeAdFree - Opening URL: https://www.youtube.com scr name: 1-Aug-2023_18-06-02.png
[INFO ] 2023-08-01 18:06:03.332 [main] YouTubeAdFree - Loading new video...
[INFO ] 2023-08-01 18:06:03.407 [main] YouTubeAdFree - Loading video title from text file: SCUBA Diving Egypt Red Sea - Underwater Video HD
[INFO ] 2023-08-01 18:06:03.407 [main] YouTubeAdFree - Loading video by title: SCUBA Diving Egypt Red Sea - Underwater Video HD
[ERROR] 2023-08-01 18:06:17.222 [main] YouTubeAdFree - Some exception occurred
[INFO ] 2023-08-01 18:06:17.480 [main] YouTubeAdFree - Driver Quitted due to the exception
[INFO ] 2023-08-01 18:06:59.176 [main] YouTubeAdFree - Running on operating system: Windows 11
[INFO ] 2023-08-01 18:06:59.181 [main] YouTubeAdFree - Property set, 'webdriver.chrome.driver': C:/all-driver/chromedriver.exe
[ERROR] 2023-08-01 18:07:06.131 [main] YouTubeAdFree - Some exception occurred
[INFO ] 2023-08-01 18:07:06.237 [main] YouTubeAdFree - Driver Quitted due to the exception
[INFO ] 2023-08-01 18:09:23.236 [main] YouTubeAdFree - Running on operating system: Windows 11
[INFO ] 2023-08-01 18:09:23.241 [main] YouTubeAdFree - Property set, 'webdriver.chrome.driver': C:/all-driver/chromedriver.exe
[ERROR] 2023-08-01 18:09:29.401 [main] YouTubeAdFree - Some exception occurred
[INFO ] 2023-08-01 18:09:29.516 [main] YouTubeAdFree - Driver Quitted due to the exception
